# JRE version: OpenJDK Runtime Environment Zulu24.30+11-CA (24.0.1+9) (build 24.0.1+9)
# Java VM: OpenJDK 64-Bit Server VM Zulu24.30+11-CA (24.0.1+9, mixed mode, sharing, tiered, compressed oops, compressed class ptrs, g1 gc, windows-amd64)
GC Precious Log:
 CardTable entry size: 512
 Card Set container configuration: InlinePtr #cards 4 size 8 Array Of Cards #cards 16 size 48 Howl #buckets 8 coarsen threshold 3686 Howl Bitmap #cards 512 size 80 coarsen threshold 460 Card regions per heap region 1 cards per card region 4096
 CPUs: 12 total, 12 available
 Memory: 16052M
 Large Page Support: Disabled
 NUMA Support: Disabled
 Compressed Oops: Enabled (Zero based)
 Heap Region Size: 2M
 Heap Min Capacity: 8M
 Heap Initial Capacity: 252M
 Heap Max Capacity: 4014M
 Pre-touch: Disabled
 Parallel Workers: 10
 Concurrent Workers: 3
 Concurrent Refinement Workers: 10
 Periodic GC: Disabled
Heap:
 garbage-first heap   total reserved 4110336K, committed 399360K, used 242608K [0x0000000705200000, 0x0000000800000000)
  region size 2048K, 3 young (6144K), 1 survivors (2048K)
 Metaspace       used 20139K, committed 20416K, reserved 1114112K
  class space    used 1876K, committed 1984K, reserved 1048576K
GC Heap History (14 events):
Event: 1.550 GC heap before
{Heap before GC invocations=0 (full 0):
 garbage-first heap   total reserved 4110336K, committed 260096K, used 87152K [0x0000000705200000, 0x0000000800000000)
  region size 2048K, 24 young (49152K), 0 survivors (0K)
 Metaspace       used 7336K, committed 7488K, reserved 1114112K
  class space    used 591K, committed 704K, reserved 1048576K
}
Event: 1.556 GC heap after
{Heap after GC invocations=1 (full 0):
 garbage-first heap   total reserved 4110336K, committed 260096K, used 42310K [0x0000000705200000, 0x0000000800000000)
  region size 2048K, 3 young (6144K), 3 survivors (6144K)
 Metaspace       used 7336K, committed 7488K, reserved 1114112K
  class space    used 591K, committed 704K, reserved 1048576K
}
Event: 51.588 GC heap before
{Heap before GC invocations=1 (full 0):
 garbage-first heap   total reserved 4110336K, committed 260096K, used 195910K [0x0000000705200000, 0x0000000800000000)
  region size 2048K, 50 young (102400K), 3 survivors (6144K)
 Metaspace       used 19993K, committed 20288K, reserved 1114112K
  class space    used 1874K, committed 1984K, reserved 1048576K
}
Event: 51.598 GC heap after
{Heap after GC invocations=2 (full 0):
 garbage-first heap   total reserved 4110336K, committed 260096K, used 115905K [0x0000000705200000, 0x0000000800000000)
  region size 2048K, 7 young (14336K), 7 survivors (14336K)
 Metaspace       used 19993K, committed 20288K, reserved 1114112K
  class space    used 1874K, committed 1984K, reserved 1048576K
}
Event: 51.665 GC heap before
{Heap before GC invocations=2 (full 0):
 garbage-first heap   total reserved 4110336K, committed 260096K, used 124097K [0x0000000705200000, 0x0000000800000000)
  region size 2048K, 10 young (20480K), 7 survivors (14336K)
 Metaspace       used 20001K, committed 20288K, reserved 1114112K
  class space    used 1874K, committed 1984K, reserved 1048576K
}
Event: 51.672 GC heap after
{Heap after GC invocations=3 (full 0):
 garbage-first heap   total reserved 4110336K, committed 260096K, used 119816K [0x0000000705200000, 0x0000000800000000)
  region size 2048K, 1 young (2048K), 1 survivors (2048K)
 Metaspace       used 20001K, committed 20288K, reserved 1114112K
  class space    used 1874K, committed 1984K, reserved 1048576K
}
Event: 52.217 GC heap before
{Heap before GC invocations=4 (full 0):
 garbage-first heap   total reserved 4110336K, committed 260096K, used 257032K [0x0000000705200000, 0x0000000800000000)
  region size 2048K, 32 young (65536K), 1 survivors (2048K)
 Metaspace       used 20009K, committed 20288K, reserved 1114112K
  class space    used 1875K, committed 1984K, reserved 1048576K
}
Event: 52.220 GC heap after
{Heap after GC invocations=5 (full 0):
 garbage-first heap   total reserved 4110336K, committed 262144K, used 193422K [0x0000000705200000, 0x0000000800000000)
  region size 2048K, 1 young (2048K), 1 survivors (2048K)
 Metaspace       used 20009K, committed 20288K, reserved 1114112K
  class space    used 1875K, committed 1984K, reserved 1048576K
}
Event: 52.331 GC heap before
{Heap before GC invocations=5 (full 0):
 garbage-first heap   total reserved 4110336K, committed 262144K, used 258958K [0x0000000705200000, 0x0000000800000000)
  region size 2048K, 12 young (24576K), 1 survivors (2048K)
 Metaspace       used 20009K, committed 20288K, reserved 1114112K
  class space    used 1875K, committed 1984K, reserved 1048576K
}
Event: 52.335 GC heap after
{Heap after GC invocations=6 (full 0):
 garbage-first heap   total reserved 4110336K, committed 266240K, used 236360K [0x0000000705200000, 0x0000000800000000)
  region size 2048K, 1 young (2048K), 1 survivors (2048K)
 Metaspace       used 20009K, committed 20288K, reserved 1114112K
  class space    used 1875K, committed 1984K, reserved 1048576K
}
Event: 52.378 GC heap before
{Heap before GC invocations=6 (full 0):
 garbage-first heap   total reserved 4110336K, committed 266240K, used 246600K [0x0000000705200000, 0x0000000800000000)
  region size 2048K, 6 young (12288K), 1 survivors (2048K)
 Metaspace       used 20009K, committed 20288K, reserved 1114112K
  class space    used 1875K, committed 1984K, reserved 1048576K
}
Event: 52.381 GC heap after
{Heap after GC invocations=7 (full 0):
 garbage-first heap   total reserved 4110336K, committed 266240K, used 236356K [0x0000000705200000, 0x0000000800000000)
  region size 2048K, 1 young (2048K), 1 survivors (2048K)
 Metaspace       used 20009K, committed 20288K, reserved 1114112K
  class space    used 1875K, committed 1984K, reserved 1048576K
}
Event: 82.849 GC heap before
{Heap before GC invocations=8 (full 0):
 garbage-first heap   total reserved 4110336K, committed 399360K, used 254788K [0x0000000705200000, 0x0000000800000000)
  region size 2048K, 9 young (18432K), 1 survivors (2048K)
 Metaspace       used 20085K, committed 20352K, reserved 1114112K
  class space    used 1876K, committed 1984K, reserved 1048576K
}
Event: 82.853 GC heap after
{Heap after GC invocations=9 (full 0):
 garbage-first heap   total reserved 4110336K, committed 399360K, used 240560K [0x0000000705200000, 0x0000000800000000)
  region size 2048K, 1 young (2048K), 1 survivors (2048K)
 Metaspace       used 20085K, committed 20352K, reserved 1114112K
  class space    used 1876K, committed 1984K, reserved 1048576K
}

