# JRE version: OpenJDK Runtime Environment Zulu24.30+11-CA (24.0.1+9) (build 24.0.1+9)
# Java VM: OpenJDK 64-Bit Server VM Zulu24.30+11-CA (24.0.1+9, mixed mode, sharing, tiered, compressed oops, compressed class ptrs, g1 gc, windows-amd64)
GC Precious Log:
 CardTable entry size: 512
 Card Set container configuration: InlinePtr #cards 4 size 8 Array Of Cards #cards 16 size 48 Howl #buckets 8 coarsen threshold 3686 Howl Bitmap #cards 512 size 80 coarsen threshold 460 Card regions per heap region 1 cards per card region 4096
 CPUs: 12 total, 12 available
 Memory: 16052M
 Large Page Support: Disabled
 NUMA Support: Disabled
 Compressed Oops: Enabled (Zero based)
 Heap Region Size: 2M
 Heap Min Capacity: 8M
 Heap Initial Capacity: 252M
 Heap Max Capacity: 4014M
 Pre-touch: Disabled
 Parallel Workers: 10
 Concurrent Workers: 3
 Concurrent Refinement Workers: 10
 Periodic GC: Disabled
Heap:
 garbage-first heap   total reserved 4110336K, committed 432128K, used 352677K [0x0000000705200000, 0x0000000800000000)
  region size 2048K, 2 young (4096K), 1 survivors (2048K)
 Metaspace       used 21933K, committed 22272K, reserved 1114112K
  class space    used 2034K, committed 2176K, reserved 1048576K
GC Heap History (16 events):
Event: 378.742 GC heap before
{Heap before GC invocations=0 (full 0):
 garbage-first heap   total reserved 4110336K, committed 260096K, used 60528K [0x0000000705200000, 0x0000000800000000)
  region size 2048K, 24 young (49152K), 0 survivors (0K)
 Metaspace       used 19224K, committed 19456K, reserved 1114112K
  class space    used 1731K, committed 1856K, reserved 1048576K
}
Event: 378.751 GC heap after
{Heap after GC invocations=1 (full 0):
 garbage-first heap   total reserved 4110336K, committed 260096K, used 21221K [0x0000000705200000, 0x0000000800000000)
  region size 2048K, 3 young (6144K), 3 survivors (6144K)
 Metaspace       used 19224K, committed 19456K, reserved 1114112K
  class space    used 1731K, committed 1856K, reserved 1048576K
}
Event: 820.355 GC heap before
{Heap before GC invocations=1 (full 0):
 garbage-first heap   total reserved 4110336K, committed 260096K, used 121573K [0x0000000705200000, 0x0000000800000000)
  region size 2048K, 33 young (67584K), 3 survivors (6144K)
 Metaspace       used 21304K, committed 21504K, reserved 1114112K
  class space    used 1966K, committed 2048K, reserved 1048576K
}
Event: 820.366 GC heap after
{Heap after GC invocations=2 (full 0):
 garbage-first heap   total reserved 4110336K, committed 260096K, used 69826K [0x0000000705200000, 0x0000000800000000)
  region size 2048K, 7 young (14336K), 7 survivors (14336K)
 Metaspace       used 21304K, committed 21504K, reserved 1114112K
  class space    used 1966K, committed 2048K, reserved 1048576K
}
Event: 1017.994 GC heap before
{Heap before GC invocations=3 (full 0):
 garbage-first heap   total reserved 4110336K, committed 243712K, used 239810K [0x0000000705200000, 0x0000000800000000)
  region size 2048K, 51 young (104448K), 7 survivors (14336K)
 Metaspace       used 21735K, committed 22016K, reserved 1114112K
  class space    used 2016K, committed 2176K, reserved 1048576K
}
Event: 1018.004 GC heap after
{Heap after GC invocations=4 (full 0):
 garbage-first heap   total reserved 4110336K, committed 264192K, used 156289K [0x0000000705200000, 0x0000000800000000)
  region size 2048K, 6 young (12288K), 6 survivors (12288K)
 Metaspace       used 21735K, committed 22016K, reserved 1114112K
  class space    used 2016K, committed 2176K, reserved 1048576K
}
Event: 1018.384 GC heap before
{Heap before GC invocations=4 (full 0):
 garbage-first heap   total reserved 4110336K, committed 303104K, used 299649K [0x0000000705200000, 0x0000000800000000)
  region size 2048K, 32 young (65536K), 6 survivors (12288K)
 Metaspace       used 21741K, committed 22016K, reserved 1114112K
  class space    used 2016K, committed 2176K, reserved 1048576K
}
Event: 1018.392 GC heap after
{Heap after GC invocations=5 (full 0):
 garbage-first heap   total reserved 4110336K, committed 319488K, used 250898K [0x0000000705200000, 0x0000000800000000)
  region size 2048K, 2 young (4096K), 2 survivors (4096K)
 Metaspace       used 21741K, committed 22016K, reserved 1114112K
  class space    used 2016K, committed 2176K, reserved 1048576K
}
Event: 1018.509 GC heap before
{Heap before GC invocations=5 (full 0):
 garbage-first heap   total reserved 4110336K, committed 319488K, used 279570K [0x0000000705200000, 0x0000000800000000)
  region size 2048K, 17 young (34816K), 2 survivors (4096K)
 Metaspace       used 21741K, committed 22016K, reserved 1114112K
  class space    used 2016K, committed 2176K, reserved 1048576K
}
Event: 1018.511 GC heap after
{Heap after GC invocations=6 (full 0):
 garbage-first heap   total reserved 4110336K, committed 319488K, used 254280K [0x0000000705200000, 0x0000000800000000)
  region size 2048K, 1 young (2048K), 1 survivors (2048K)
 Metaspace       used 21741K, committed 22016K, reserved 1114112K
  class space    used 2016K, committed 2176K, reserved 1048576K
}
Event: 1192.488 GC heap before
{Heap before GC invocations=7 (full 0):
 garbage-first heap   total reserved 4110336K, committed 413696K, used 323912K [0x0000000705200000, 0x0000000800000000)
  region size 2048K, 19 young (38912K), 1 survivors (2048K)
 Metaspace       used 21831K, committed 22144K, reserved 1114112K
  class space    used 2021K, committed 2176K, reserved 1048576K
}
Event: 1192.491 GC heap after
{Heap after GC invocations=8 (full 0):
 garbage-first heap   total reserved 4110336K, committed 413696K, used 285114K [0x0000000705200000, 0x0000000800000000)
  region size 2048K, 1 young (2048K), 1 survivors (2048K)
 Metaspace       used 21831K, committed 22144K, reserved 1114112K
  class space    used 2021K, committed 2176K, reserved 1048576K
}
Event: 1415.863 GC heap before
{Heap before GC invocations=8 (full 0):
 garbage-first heap   total reserved 4110336K, committed 421888K, used 416186K [0x0000000705200000, 0x0000000800000000)
  region size 2048K, 35 young (71680K), 1 survivors (2048K)
 Metaspace       used 21933K, committed 22272K, reserved 1114112K
  class space    used 2034K, committed 2176K, reserved 1048576K
}
Event: 1415.870 GC heap after
{Heap after GC invocations=9 (full 0):
 garbage-first heap   total reserved 4110336K, committed 432128K, used 355218K [0x0000000705200000, 0x0000000800000000)
  region size 2048K, 4 young (8192K), 4 survivors (8192K)
 Metaspace       used 21933K, committed 22272K, reserved 1114112K
  class space    used 2034K, committed 2176K, reserved 1048576K
}
Event: 1415.874 GC heap before
{Heap before GC invocations=9 (full 0):
 garbage-first heap   total reserved 4110336K, committed 432128K, used 355218K [0x0000000705200000, 0x0000000800000000)
  region size 2048K, 5 young (10240K), 4 survivors (8192K)
 Metaspace       used 21933K, committed 22272K, reserved 1114112K
  class space    used 2034K, committed 2176K, reserved 1048576K
}
Event: 1415.880 GC heap after
{Heap after GC invocations=10 (full 0):
 garbage-first heap   total reserved 4110336K, committed 432128K, used 354725K [0x0000000705200000, 0x0000000800000000)
  region size 2048K, 1 young (2048K), 1 survivors (2048K)
 Metaspace       used 21933K, committed 22272K, reserved 1114112K
  class space    used 2034K, committed 2176K, reserved 1048576K
}

